<?xml version="1.0" encoding="UTF-8"?>
<!-- Generated by org.testng.reporters.JUnitXMLReporter -->
<testsuite hostname="LAPTOP-G0NLQ86S" ignored="0" name="Automation Positive Tests" tests="4" failures="1" timestamp="04 Nov 2019 19:52:59 GMT" time="17.716" errors="0">
  <testcase name="getResponse" time="2.269" classname="test.GitHubTest"/>
  <testcase name="showFirstResultName_Star" time="0.003" classname="test.GitHubTest"/>
  <testcase name="showLastReleaseTagResult" time="0.371" classname="test.GitHubTest"/>
  <testcase name="verifyLastedReleaset" time="0.004" classname="test.GitHubTest">
    <failure type="java.lang.AssertionError" message="expected [true] but found [false]">
      <![CDATA[java.lang.AssertionError: expected [true] but found [false]
	at test.GitHubTest.verifyLastedReleaset(GitHubTest.java:101)
... Removed 29 stack frames]]>
    </failure>
  </testcase> <!-- verifyLastedReleaset -->
</testsuite> <!-- Automation Positive Tests -->
